<?xml version="1.0" encoding="UTF-8"?>
<!-- Generated by org.testng.reporters.JUnitXMLReporter -->
<testsuite hostname="DESKTOP-C5RJ1HC" ignored="0" name="Test1" tests="2" failures="2" timestamp="24 Dec 2019 07:13:59 GMT" time="31.612" errors="0">
  <testcase name="test1" time="16.165" classname="TestManager.TicketBookingTest">
    <failure type="org.openqa.selenium.SessionNotCreatedException" message="session not created
from chrome not reachable
  (Session info: chrome=79.0.3945.88)
Build info: version: &amp;apos;3.141.0&amp;apos;, revision: &amp;apos;2ecb7d9a&amp;apos;, time: &amp;apos;2018-10-31T20:09:30&amp;apos;
System info: host: &amp;apos;DESKTOP-C5RJ1HC&amp;apos;, ip: &amp;apos;192.168.1.10&amp;apos;, os.name: &amp;apos;Windows 10&amp;apos;, os.arch: &amp;apos;amd64&amp;apos;, os.version: &amp;apos;10.0&amp;apos;, java.version: &amp;apos;1.8.0_141&amp;apos;
Driver info: driver.version: ChromeDriver
remote stacktrace: Backtrace:
	Ordinal0 [0x0113A903+1550595]
	Ordinal0 [0x010BA701+1025793]
	Ordinal0 [0x0103C58E+509326]
	Ordinal0 [0x010362C2+484034]
	Ordinal0 [0x0103699B+485787]
	Ordinal0 [0x01037B05+490245]
	Ordinal0 [0x01033A85+473733]
	Ordinal0 [0x0103D330+512816]
	Ordinal0 [0x00FEB649+177737]
	Ordinal0 [0x00FEA8ED+174317]
	Ordinal0 [0x00FE8CDB+167131]
	Ordinal0 [0x00FD144A+70730]
	Ordinal0 [0x00FD24D0+74960]
	Ordinal0 [0x00FD2469+74857]
	Ordinal0 [0x010D42C7+1131207]
	GetHandleVerifier [0x011D70FD+523789]
	GetHandleVerifier [0x011D6E90+523168]
	GetHandleVerifier [0x011DE1E7+552695]
	GetHandleVerifier [0x011D78FA+525834]
	Ordinal0 [0x010CB7FC+1095676]
	Ordinal0 [0x010D633B+1139515]
	Ordinal0 [0x010D64A3+1139875]
	Ordinal0 [0x010D5425+1135653]
	BaseThreadInitThunk [0x75196359+25]
	RtlGetAppContainerNamedObjectPath [0x77737B74+228]
	RtlGetAppContainerNamedObjectPath [0x77737B44+180]
">
      <![CDATA[org.openqa.selenium.SessionNotCreatedException: session not created
from chrome not reachable
  (Session info: chrome=79.0.3945.88)
Build info: version: '3.141.0', revision: '2ecb7d9a', time: '2018-10-31T20:09:30'
System info: host: 'DESKTOP-C5RJ1HC', ip: '192.168.1.10', os.name: 'Windows 10', os.arch: 'amd64', os.version: '10.0', java.version: '1.8.0_141'
Driver info: driver.version: ChromeDriver
remote stacktrace: Backtrace:
	Ordinal0 [0x0113A903+1550595]
	Ordinal0 [0x010BA701+1025793]
	Ordinal0 [0x0103C58E+509326]
	Ordinal0 [0x010362C2+484034]
	Ordinal0 [0x0103699B+485787]
	Ordinal0 [0x01037B05+490245]
	Ordinal0 [0x01033A85+473733]
	Ordinal0 [0x0103D330+512816]
	Ordinal0 [0x00FEB649+177737]
	Ordinal0 [0x00FEA8ED+174317]
	Ordinal0 [0x00FE8CDB+167131]
	Ordinal0 [0x00FD144A+70730]
	Ordinal0 [0x00FD24D0+74960]
	Ordinal0 [0x00FD2469+74857]
	Ordinal0 [0x010D42C7+1131207]
	GetHandleVerifier [0x011D70FD+523789]
	GetHandleVerifier [0x011D6E90+523168]
	GetHandleVerifier [0x011DE1E7+552695]
	GetHandleVerifier [0x011D78FA+525834]
	Ordinal0 [0x010CB7FC+1095676]
	Ordinal0 [0x010D633B+1139515]
	Ordinal0 [0x010D64A3+1139875]
	Ordinal0 [0x010D5425+1135653]
	BaseThreadInitThunk [0x75196359+25]
	RtlGetAppContainerNamedObjectPath [0x77737B74+228]
	RtlGetAppContainerNamedObjectPath [0x77737B44+180]

	at org.openqa.selenium.remote.W3CHandshakeResponse.lambda$errorHandler$0(W3CHandshakeResponse.java:62)
	at org.openqa.selenium.remote.HandshakeResponse.lambda$getResponseFunction$0(HandshakeResponse.java:30)
	at org.openqa.selenium.remote.ProtocolHandshake.lambda$createSession$0(ProtocolHandshake.java:123)
	at java.util.stream.ReferencePipeline$3$1.accept(Unknown Source)
	at java.util.Spliterators$ArraySpliterator.tryAdvance(Unknown Source)
	at java.util.stream.ReferencePipeline.forEachWithCancel(Unknown Source)
	at java.util.stream.AbstractPipeline.copyIntoWithCancel(Unknown Source)
	at java.util.stream.AbstractPipeline.copyInto(Unknown Source)
	at java.util.stream.AbstractPipeline.wrapAndCopyInto(Unknown Source)
	at java.util.stream.FindOps$FindOp.evaluateSequential(Unknown Source)
	at java.util.stream.AbstractPipeline.evaluate(Unknown Source)
	at java.util.stream.ReferencePipeline.findFirst(Unknown Source)
	at org.openqa.selenium.remote.ProtocolHandshake.createSession(ProtocolHandshake.java:125)
	at org.openqa.selenium.remote.ProtocolHandshake.createSession(ProtocolHandshake.java:74)
	at org.openqa.selenium.remote.HttpCommandExecutor.execute(HttpCommandExecutor.java:136)
	at org.openqa.selenium.remote.service.DriverCommandExecutor.execute(DriverCommandExecutor.java:83)
	at org.openqa.selenium.remote.RemoteWebDriver.execute(RemoteWebDriver.java:552)
	at org.openqa.selenium.remote.RemoteWebDriver.startSession(RemoteWebDriver.java:213)
	at org.openqa.selenium.remote.RemoteWebDriver.<init>(RemoteWebDriver.java:131)
	at org.openqa.selenium.chrome.ChromeDriver.<init>(ChromeDriver.java:181)
	at org.openqa.selenium.chrome.ChromeDriver.<init>(ChromeDriver.java:168)
	at org.openqa.selenium.chrome.ChromeDriver.<init>(ChromeDriver.java:123)
	at TestManager.TicketBookingTest.test1(TicketBookingTest.java:73)
	at java.util.concurrent.FutureTask.run(Unknown Source)
	at java.util.concurrent.ThreadPoolExecutor.runWorker(Unknown Source)
	at java.util.concurrent.ThreadPoolExecutor$Worker.run(Unknown Source)
	at java.lang.Thread.run(Unknown Source)
... Removed 20 stack frames]]>
    </failure>
  </testcase> <!-- test1 -->
  <testcase name="test2" time="15.404" classname="TestManager.TicketBookingTest">
    <failure type="org.openqa.selenium.SessionNotCreatedException" message="session not created
from chrome not reachable
  (Session info: chrome=79.0.3945.88)
Build info: version: &amp;apos;3.141.0&amp;apos;, revision: &amp;apos;2ecb7d9a&amp;apos;, time: &amp;apos;2018-10-31T20:09:30&amp;apos;
System info: host: &amp;apos;DESKTOP-C5RJ1HC&amp;apos;, ip: &amp;apos;192.168.1.10&amp;apos;, os.name: &amp;apos;Windows 10&amp;apos;, os.arch: &amp;apos;amd64&amp;apos;, os.version: &amp;apos;10.0&amp;apos;, java.version: &amp;apos;1.8.0_141&amp;apos;
Driver info: driver.version: ChromeDriver
remote stacktrace: Backtrace:
	Ordinal0 [0x0113A903+1550595]
	Ordinal0 [0x010BA701+1025793]
	Ordinal0 [0x0103C58E+509326]
	Ordinal0 [0x010362C2+484034]
	Ordinal0 [0x0103699B+485787]
	Ordinal0 [0x01037B05+490245]
	Ordinal0 [0x01033A85+473733]
	Ordinal0 [0x0103D330+512816]
	Ordinal0 [0x00FEB649+177737]
	Ordinal0 [0x00FEA8ED+174317]
	Ordinal0 [0x00FE8CDB+167131]
	Ordinal0 [0x00FD144A+70730]
	Ordinal0 [0x00FD24D0+74960]
	Ordinal0 [0x00FD2469+74857]
	Ordinal0 [0x010D42C7+1131207]
	GetHandleVerifier [0x011D70FD+523789]
	GetHandleVerifier [0x011D6E90+523168]
	GetHandleVerifier [0x011DE1E7+552695]
	GetHandleVerifier [0x011D78FA+525834]
	Ordinal0 [0x010CB7FC+1095676]
	Ordinal0 [0x010D633B+1139515]
	Ordinal0 [0x010D64A3+1139875]
	Ordinal0 [0x010D5425+1135653]
	BaseThreadInitThunk [0x75196359+25]
	RtlGetAppContainerNamedObjectPath [0x77737B74+228]
	RtlGetAppContainerNamedObjectPath [0x77737B44+180]
">
      <![CDATA[org.openqa.selenium.SessionNotCreatedException: session not created
from chrome not reachable
  (Session info: chrome=79.0.3945.88)
Build info: version: '3.141.0', revision: '2ecb7d9a', time: '2018-10-31T20:09:30'
System info: host: 'DESKTOP-C5RJ1HC', ip: '192.168.1.10', os.name: 'Windows 10', os.arch: 'amd64', os.version: '10.0', java.version: '1.8.0_141'
Driver info: driver.version: ChromeDriver
remote stacktrace: Backtrace:
	Ordinal0 [0x0113A903+1550595]
	Ordinal0 [0x010BA701+1025793]
	Ordinal0 [0x0103C58E+509326]
	Ordinal0 [0x010362C2+484034]
	Ordinal0 [0x0103699B+485787]
	Ordinal0 [0x01037B05+490245]
	Ordinal0 [0x01033A85+473733]
	Ordinal0 [0x0103D330+512816]
	Ordinal0 [0x00FEB649+177737]
	Ordinal0 [0x00FEA8ED+174317]
	Ordinal0 [0x00FE8CDB+167131]
	Ordinal0 [0x00FD144A+70730]
	Ordinal0 [0x00FD24D0+74960]
	Ordinal0 [0x00FD2469+74857]
	Ordinal0 [0x010D42C7+1131207]
	GetHandleVerifier [0x011D70FD+523789]
	GetHandleVerifier [0x011D6E90+523168]
	GetHandleVerifier [0x011DE1E7+552695]
	GetHandleVerifier [0x011D78FA+525834]
	Ordinal0 [0x010CB7FC+1095676]
	Ordinal0 [0x010D633B+1139515]
	Ordinal0 [0x010D64A3+1139875]
	Ordinal0 [0x010D5425+1135653]
	BaseThreadInitThunk [0x75196359+25]
	RtlGetAppContainerNamedObjectPath [0x77737B74+228]
	RtlGetAppContainerNamedObjectPath [0x77737B44+180]

	at org.openqa.selenium.remote.W3CHandshakeResponse.lambda$errorHandler$0(W3CHandshakeResponse.java:62)
	at org.openqa.selenium.remote.HandshakeResponse.lambda$getResponseFunction$0(HandshakeResponse.java:30)
	at org.openqa.selenium.remote.ProtocolHandshake.lambda$createSession$0(ProtocolHandshake.java:123)
	at java.util.stream.ReferencePipeline$3$1.accept(Unknown Source)
	at java.util.Spliterators$ArraySpliterator.tryAdvance(Unknown Source)
	at java.util.stream.ReferencePipeline.forEachWithCancel(Unknown Source)
	at java.util.stream.AbstractPipeline.copyIntoWithCancel(Unknown Source)
	at java.util.stream.AbstractPipeline.copyInto(Unknown Source)
	at java.util.stream.AbstractPipeline.wrapAndCopyInto(Unknown Source)
	at java.util.stream.FindOps$FindOp.evaluateSequential(Unknown Source)
	at java.util.stream.AbstractPipeline.evaluate(Unknown Source)
	at java.util.stream.ReferencePipeline.findFirst(Unknown Source)
	at org.openqa.selenium.remote.ProtocolHandshake.createSession(ProtocolHandshake.java:125)
	at org.openqa.selenium.remote.ProtocolHandshake.createSession(ProtocolHandshake.java:74)
	at org.openqa.selenium.remote.HttpCommandExecutor.execute(HttpCommandExecutor.java:136)
	at org.openqa.selenium.remote.service.DriverCommandExecutor.execute(DriverCommandExecutor.java:83)
	at org.openqa.selenium.remote.RemoteWebDriver.execute(RemoteWebDriver.java:552)
	at org.openqa.selenium.remote.RemoteWebDriver.startSession(RemoteWebDriver.java:213)
	at org.openqa.selenium.remote.RemoteWebDriver.<init>(RemoteWebDriver.java:131)
	at org.openqa.selenium.chrome.ChromeDriver.<init>(ChromeDriver.java:181)
	at org.openqa.selenium.chrome.ChromeDriver.<init>(ChromeDriver.java:168)
	at org.openqa.selenium.chrome.ChromeDriver.<init>(ChromeDriver.java:123)
	at TestManager.TicketBookingTest.test2(TicketBookingTest.java:83)
	at java.util.concurrent.FutureTask.run(Unknown Source)
	at java.util.concurrent.ThreadPoolExecutor.runWorker(Unknown Source)
	at java.util.concurrent.ThreadPoolExecutor$Worker.run(Unknown Source)
	at java.lang.Thread.run(Unknown Source)
... Removed 20 stack frames]]>
    </failure>
  </testcase> <!-- test2 -->
</testsuite> <!-- Test1 -->
